<?xml version="1.0" encoding="UTF-8"?>
<robot generator="Robot 5.0 (Python 3.9.6 on win32)" generated="20220427 09:57:21.483" rpa="false" schemaversion="3">
<suite id="s1" name="TestCases" source="C:\Users\TechCare\PycharmProjects\testing\TestCases">
<suite id="s1-s1" name="LoginTest" source="C:\Users\TechCare\PycharmProjects\testing\TestCases\LoginTest.robot">
<test id="s1-s1-t1" name="OpenWebsite" line="8">
<kw name="Open Browser" library="SeleniumLibrary">
<arg>${host}</arg>
<arg>Chrome</arg>
<doc>Opens a new browser instance to the optional ``url``.</doc>
<msg timestamp="20220427 09:57:22.088" level="INFO">Opening browser 'Chrome' to base url 'https://fado.vn/dang-nhap/'.</msg>
<errors>
<msg timestamp="20220427 09:57:25.096" level="ERROR">Execution stopped by user.</msg>
</errors>
</robot>
