<?xml version="1.0" encoding="UTF-8"?>
<robot generator="Robot 5.0 (Python 3.9.6 on win32)" generated="20220427 09:37:52.522" rpa="false" schemaversion="3">
<suite id="s1" name="POM" source="C:\Users\TechCare\PycharmProjects\testing\TestCases\OrderPageTest__POM.robot">
<test id="s1-t1" name="Search Product" line="7">
<kw name="open page" library="OrderPage">
<kw name="Open Browser" library="SeleniumLibrary">
<arg>${url}</arg>
<arg>Chrome</arg>
<doc>Opens a new browser instance to the optional ``url``.</doc>
<msg timestamp="20220427 09:37:53.023" level="INFO">Opening browser 'Chrome' to base url 'https://oldsailor.com.vn/nam.html?gclid=EAIaIQobChMIo93wt8Cd9wIV3plmAh38Egm7EAAYAiAAEgKGpvD_BwE'.</msg>
<status status="PASS" starttime="20220427 09:37:53.023" endtime="20220427 09:38:05.756"/>
</kw>
<kw name="Maximize Browser Window" library="SeleniumLibrary">
<doc>Maximizes current browser window.</doc>
<status status="PASS" starttime="20220427 09:38:05.757" endtime="20220427 09:38:05.904"/>
</kw>
<status status="PASS" starttime="20220427 09:37:53.022" endtime="20220427 09:38:05.905"/>
</kw>
<kw name="scrollScreenPage" library="OrderPage">
<kw name="Execute Javascript" library="SeleniumLibrary">
<arg>${scrolllegth}</arg>
<doc>Executes the given JavaScript code with possible arguments.</doc>
<msg timestamp="20220427 09:38:05.921" level="INFO">Executing JavaScript:
window.scrollTo(0, 300)
Without any arguments.</msg>
<status status="PASS" starttime="20220427 09:38:05.919" endtime="20220427 09:38:06.010"/>
</kw>
<status status="PASS" starttime="20220427 09:38:05.918" endtime="20220427 09:38:06.010"/>
</kw>
<kw name="delayScreen" library="OrderPage">
<arg>2s</arg>
<kw name="Sleep" library="BuiltIn">
<arg>${second}</arg>
<doc>Pauses the test executed for the given time.</doc>
<msg timestamp="20220427 09:38:08.036" level="INFO">Slept 2 seconds</msg>
<status status="PASS" starttime="20220427 09:38:06.022" endtime="20220427 09:38:08.036"/>
</kw>
<status status="PASS" starttime="20220427 09:38:06.021" endtime="20220427 09:38:08.036"/>
</kw>
<kw name="scrolltoProduct" library="OrderPage">
<arg>//*[@id="vnt-content"]/div[2]/div/div[4]/div</arg>
<kw name="Scroll Element Into View" library="SeleniumLibrary">
<arg>${standingplace}</arg>
<doc>Scrolls the element identified by ``locator`` into view.</doc>
<status status="PASS" starttime="20220427 09:38:08.038" endtime="20220427 09:38:08.353"/>
</kw>
<status status="PASS" starttime="20220427 09:38:08.037" endtime="20220427 09:38:08.354"/>
</kw>
<kw name="delayScreen" library="OrderPage">
<arg>1s</arg>
<kw name="Sleep" library="BuiltIn">
<arg>${second}</arg>
<doc>Pauses the test executed for the given time.</doc>
<msg timestamp="20220427 09:38:09.365" level="INFO">Slept 1 second</msg>
<status status="PASS" starttime="20220427 09:38:08.355" endtime="20220427 09:38:09.365"/>
</kw>
<status status="PASS" starttime="20220427 09:38:08.354" endtime="20220427 09:38:09.367"/>
</kw>
<kw name="scrolltoProduct" library="OrderPage">
<arg>//*[@id="vnt-content"]/div[3]/div</arg>
<kw name="Scroll Element Into View" library="SeleniumLibrary">
<arg>${standingplace}</arg>
<doc>Scrolls the element identified by ``locator`` into view.</doc>
<status status="PASS" starttime="20220427 09:38:09.369" endtime="20220427 09:38:09.694"/>
</kw>
<status status="PASS" starttime="20220427 09:38:09.367" endtime="20220427 09:38:09.695"/>
</kw>
<kw name="delayScreen" library="OrderPage">
<arg>1s</arg>
<kw name="Sleep" library="BuiltIn">
<arg>${second}</arg>
<doc>Pauses the test executed for the given time.</doc>
<msg timestamp="20220427 09:38:10.706" level="INFO">Slept 1 second</msg>
<status status="PASS" starttime="20220427 09:38:09.699" endtime="20220427 09:38:10.706"/>
</kw>
<status status="PASS" starttime="20220427 09:38:09.698" endtime="20220427 09:38:10.706"/>
</kw>
<kw name="scrolltoProduct" library="OrderPage">
<arg>//*[@id="vnt-content"]/div[2]/div/div[2]/div/div</arg>
<kw name="Scroll Element Into View" library="SeleniumLibrary">
<arg>${standingplace}</arg>
<doc>Scrolls the element identified by ``locator`` into view.</doc>
<status status="PASS" starttime="20220427 09:38:10.708" endtime="20220427 09:38:11.005"/>
</kw>
<status status="PASS" starttime="20220427 09:38:10.707" endtime="20220427 09:38:11.006"/>
</kw>
<kw name="delayScreen" library="OrderPage">
<arg>1s</arg>
<kw name="Sleep" library="BuiltIn">
<arg>${second}</arg>
<doc>Pauses the test executed for the given time.</doc>
<msg timestamp="20220427 09:38:12.011" level="INFO">Slept 1 second</msg>
<status status="PASS" starttime="20220427 09:38:11.007" endtime="20220427 09:38:12.011"/>
</kw>
<status status="PASS" starttime="20220427 09:38:11.006" endtime="20220427 09:38:12.014"/>
</kw>
<kw name="clickDetailProduct" library="OrderPage">
<arg>//*[@id="vnt-content"]/div[2]/div/div[2]/div/div/div/div[2]/div/div[1]/a</arg>
<kw name="Click Element" library="SeleniumLibrary">
<arg>${detailproduct}</arg>
<doc>Click the element identified by ``locator``.</doc>
<msg timestamp="20220427 09:38:12.027" level="INFO">Clicking element '//*[@id="vnt-content"]/div[2]/div/div[2]/div/div/div/div[2]/div/div[1]/a'.</msg>
<status status="PASS" starttime="20220427 09:38:12.026" endtime="20220427 09:38:14.035"/>
</kw>
<status status="PASS" starttime="20220427 09:38:12.024" endtime="20220427 09:38:14.035"/>
</kw>
<kw name="delayScreen" library="OrderPage">
<arg>1s</arg>
<kw name="Sleep" library="BuiltIn">
<arg>${second}</arg>
<doc>Pauses the test executed for the given time.</doc>
<msg timestamp="20220427 09:38:15.039" level="INFO">Slept 1 second</msg>
<status status="PASS" starttime="20220427 09:38:14.036" endtime="20220427 09:38:15.039"/>
</kw>
<status status="PASS" starttime="20220427 09:38:14.036" endtime="20220427 09:38:15.039"/>
</kw>
<status status="PASS" starttime="20220427 09:37:53.021" endtime="20220427 09:38:15.040"/>
</test>
<test id="s1-t2" name="Filter Product" line="19">
<kw name="clickbtnFilterProduct" library="OrderPage">
<arg>//*[@id="filter-size"]/div[1]</arg>
<kw name="Click Element" library="SeleniumLibrary">
<arg>${btnfilterproduct}</arg>
<doc>Click the element identified by ``locator``.</doc>
<msg timestamp="20220427 09:38:15.050" level="INFO">Clicking element '//*[@id="filter-size"]/div[1]'.</msg>
<status status="PASS" starttime="20220427 09:38:15.044" endtime="20220427 09:38:15.165"/>
</kw>
<status status="PASS" starttime="20220427 09:38:15.043" endtime="20220427 09:38:15.166"/>
</kw>
<kw name="delayScreen" library="OrderPage">
<arg>1s</arg>
<kw name="Sleep" library="BuiltIn">
<arg>${second}</arg>
<doc>Pauses the test executed for the given time.</doc>
<msg timestamp="20220427 09:38:16.170" level="INFO">Slept 1 second</msg>
<status status="PASS" starttime="20220427 09:38:15.168" endtime="20220427 09:38:16.170"/>
</kw>
<status status="PASS" starttime="20220427 09:38:15.167" endtime="20220427 09:38:16.171"/>
</kw>
<kw name="clickbtnFilterProduct" library="OrderPage">
<arg>//*[@id="filter-size"]/div[2]/div/div[3]</arg>
<kw name="Click Element" library="SeleniumLibrary">
<arg>${btnfilterproduct}</arg>
<doc>Click the element identified by ``locator``.</doc>
<msg timestamp="20220427 09:38:16.175" level="INFO">Clicking element '//*[@id="filter-size"]/div[2]/div/div[3]'.</msg>
<status status="PASS" starttime="20220427 09:38:16.174" endtime="20220427 09:38:22.581"/>
</kw>
<status status="PASS" starttime="20220427 09:38:16.172" endtime="20220427 09:38:22.582"/>
</kw>
<kw name="clickbtnFilterProduct" library="OrderPage">
<arg>//*[@id="filter-color"]/div[1]</arg>
<kw name="Click Element" library="SeleniumLibrary">
<arg>${btnfilterproduct}</arg>
<doc>Click the element identified by ``locator``.</doc>
<msg timestamp="20220427 09:38:22.584" level="INFO">Clicking element '//*[@id="filter-color"]/div[1]'.</msg>
<status status="PASS" starttime="20220427 09:38:22.583" endtime="20220427 09:38:22.706"/>
</kw>
<status status="PASS" starttime="20220427 09:38:22.582" endtime="20220427 09:38:22.706"/>
</kw>
<kw name="scrollScreenPage" library="OrderPage">
<kw name="Execute Javascript" library="SeleniumLibrary">
<arg>${scrolllegth}</arg>
<doc>Executes the given JavaScript code with possible arguments.</doc>
<msg timestamp="20220427 09:38:22.709" level="INFO">Executing JavaScript:
window.scrollTo(0, 300)
Without any arguments.</msg>
<status status="PASS" starttime="20220427 09:38:22.708" endtime="20220427 09:38:22.721"/>
</kw>
<status status="PASS" starttime="20220427 09:38:22.707" endtime="20220427 09:38:22.721"/>
</kw>
<status status="PASS" starttime="20220427 09:38:15.042" endtime="20220427 09:38:22.722"/>
</test>
<test id="s1-t3" name="addToCard" line="25">
<kw name="clickDetailProduct" library="OrderPage">
<arg>//*[@id="gripItemproduct"]/div[1]/div/div[1]</arg>
<kw name="Click Element" library="SeleniumLibrary">
<arg>${detailproduct}</arg>
<doc>Click the element identified by ``locator``.</doc>
<msg timestamp="20220427 09:38:22.725" level="INFO">Clicking element '//*[@id="gripItemproduct"]/div[1]/div/div[1]'.</msg>
<status status="PASS" starttime="20220427 09:38:22.725" endtime="20220427 09:38:24.489"/>
</kw>
<status status="PASS" starttime="20220427 09:38:22.724" endtime="20220427 09:38:24.489"/>
</kw>
<kw name="scrollScreenPage" library="OrderPage">
<kw name="Execute Javascript" library="SeleniumLibrary">
<arg>${scrolllegth}</arg>
<doc>Executes the given JavaScript code with possible arguments.</doc>
<msg timestamp="20220427 09:38:24.491" level="INFO">Executing JavaScript:
window.scrollTo(0, 300)
Without any arguments.</msg>
<status status="PASS" starttime="20220427 09:38:24.490" endtime="20220427 09:38:24.500"/>
</kw>
<status status="PASS" starttime="20220427 09:38:24.489" endtime="20220427 09:38:24.500"/>
</kw>
<kw name="clickbtnFilterProduct" library="OrderPage">
<arg>//*[@id="proDetail"]/div[3]/div[1]/div/div[1]</arg>
<kw name="Click Element" library="SeleniumLibrary">
<arg>${btnfilterproduct}</arg>
<doc>Click the element identified by ``locator``.</doc>
<msg timestamp="20220427 09:38:24.501" level="INFO">Clicking element '//*[@id="proDetail"]/div[3]/div[1]/div/div[1]'.</msg>
<status status="PASS" starttime="20220427 09:38:24.501" endtime="20220427 09:38:24.607"/>
</kw>
<status status="PASS" starttime="20220427 09:38:24.500" endtime="20220427 09:38:24.607"/>
</kw>
<kw name="delayScreen" library="OrderPage">
<arg>1s</arg>
<kw name="Sleep" library="BuiltIn">
<arg>${second}</arg>
<doc>Pauses the test executed for the given time.</doc>
<msg timestamp="20220427 09:38:25.618" level="INFO">Slept 1 second</msg>
<status status="PASS" starttime="20220427 09:38:24.608" endtime="20220427 09:38:25.618"/>
</kw>
<status status="PASS" starttime="20220427 09:38:24.608" endtime="20220427 09:38:25.619"/>
</kw>
<kw name="clickbtnFilterProduct" library="OrderPage">
<arg>//*[@id="proDetail"]/div[3]/div[1]/div/div[2]/ul/li[2]</arg>
<kw name="Click Element" library="SeleniumLibrary">
<arg>${btnfilterproduct}</arg>
<doc>Click the element identified by ``locator``.</doc>
<msg timestamp="20220427 09:38:25.623" level="INFO">Clicking element '//*[@id="proDetail"]/div[3]/div[1]/div/div[2]/ul/li[2]'.</msg>
<status status="PASS" starttime="20220427 09:38:25.622" endtime="20220427 09:38:25.974"/>
</kw>
<status status="PASS" starttime="20220427 09:38:25.620" endtime="20220427 09:38:25.974"/>
</kw>
<kw name="delayScreen" library="OrderPage">
<arg>4s</arg>
<kw name="Sleep" library="BuiltIn">
<arg>${second}</arg>
<doc>Pauses the test executed for the given time.</doc>
<msg timestamp="20220427 09:38:29.989" level="INFO">Slept 4 seconds</msg>
<status status="PASS" starttime="20220427 09:38:25.975" endtime="20220427 09:38:29.989"/>
</kw>
<status status="PASS" starttime="20220427 09:38:25.975" endtime="20220427 09:38:29.990"/>
</kw>
<kw name="clickButton" library="OrderPage">
<arg>ĐẶT MUA NGAY</arg>
<kw name="Press Keys" library="SeleniumLibrary">
<arg>${buttonBuy}</arg>
<arg>${txtbtnbuy}</arg>
<doc>Simulates the user pressing key(s) to an element or on the active browser.</doc>
<msg timestamp="20220427 09:38:29.996" level="INFO">Sending key(s) ('ĐẶT MUA NGAY',) to //*[@id="btnAddCart"] element.</msg>
<msg timestamp="20220427 09:38:30.726" level="INFO">Sending keys ĐẶT MUA NGAY</msg>
<status status="PASS" starttime="20220427 09:38:29.993" endtime="20220427 09:38:30.794"/>
</kw>
<status status="PASS" starttime="20220427 09:38:29.991" endtime="20220427 09:38:30.796"/>
</kw>
<status status="PASS" starttime="20220427 09:38:22.723" endtime="20220427 09:38:30.801"/>
</test>
<status status="PASS" starttime="20220427 09:37:52.526" endtime="20220427 09:38:30.804"/>
</suite>
<statistics>
<total>
<stat pass="3" fail="0" skip="0">All Tests</stat>
</total>
<tag>
</tag>
<suite>
<stat pass="3" fail="0" skip="0" id="s1" name="POM">POM</stat>
</suite>
</statistics>
<errors>
</errors>
</robot>
