<?xml version="1.0" encoding="UTF-8"?>
<robot generator="Robot 5.0 (Python 3.9.6 on win32)" generated="20220426 07:41:20.907" rpa="false" schemaversion="3">
<suite id="s1" name="POM" source="C:\Users\TechCare\PycharmProjects\testing\TestCases\LoginTest__POM.robot">
<test id="s1-t1" name="Login with wrong password" line="36">
<kw name="Get Data Test By Data Key" library="DataTest">
<var>${username}</var>
<arg>usernamecorrect</arg>
<msg timestamp="20220426 07:41:21.396" level="INFO">${username} = truongnguyendep@gmail.com</msg>
<status status="PASS" starttime="20220426 07:41:21.395" endtime="20220426 07:41:21.396"/>
</kw>
<kw name="Get Data Test By Data Key" library="DataTest">
<var>${password}</var>
<arg>passwordcorrect</arg>
<msg timestamp="20220426 07:41:21.398" level="INFO">${password} = 123456</msg>
<status status="PASS" starttime="20220426 07:41:21.397" endtime="20220426 07:41:21.398"/>
</kw>
<kw name="Get Data Test By Data Key" library="DataTest">
<var>${usernamewrong}</var>
<arg>usernamewrong</arg>
<msg timestamp="20220426 07:41:21.400" level="INFO">${usernamewrong} = truongnguyendep@gmail.com</msg>
<status status="PASS" starttime="20220426 07:41:21.399" endtime="20220426 07:41:21.400"/>
</kw>
<kw name="Get Data Test By Data Key" library="DataTest">
<var>${passwordwrong}</var>
<arg>passwordwrong</arg>
<msg timestamp="20220426 07:41:21.402" level="INFO">${passwordwrong} = truong19062001</msg>
<status status="PASS" starttime="20220426 07:41:21.401" endtime="20220426 07:41:21.402"/>
</kw>
<kw name="open page" library="LoginPage">
<kw name="Open Browser" library="SeleniumLibrary">
<arg>${url}</arg>
<arg>Chrome</arg>
<doc>Opens a new browser instance to the optional ``url``.</doc>
<msg timestamp="20220426 07:41:21.403" level="INFO">Opening browser 'Chrome' to base url 'https://oldsailor.com.vn/nam.html?gclid=EAIaIQobChMIo93wt8Cd9wIV3plmAh38Egm7EAAYAiAAEgKGpvD_BwE'.</msg>
<status status="PASS" starttime="20220426 07:41:21.403" endtime="20220426 07:41:26.617"/>
</kw>
<kw name="Maximize Browser Window" library="SeleniumLibrary">
<doc>Maximizes current browser window.</doc>
<status status="PASS" starttime="20220426 07:41:26.617" endtime="20220426 07:41:26.776"/>
</kw>
<status status="PASS" starttime="20220426 07:41:21.402" endtime="20220426 07:41:26.776"/>
</kw>
<kw name="open tab user" library="LoginPage">
<arg>user</arg>
<kw name="Press Keys" library="SeleniumLibrary">
<arg>${btnOpenTabUser}</arg>
<arg>${tabuser}</arg>
<doc>Simulates the user pressing key(s) to an element or on the active browser.</doc>
<msg timestamp="20220426 07:41:26.786" level="INFO">Sending key(s) ('user',) to css=span.icon1 element.</msg>
<msg timestamp="20220426 07:41:27.225" level="INFO">Sending keys user</msg>
<status status="PASS" starttime="20220426 07:41:26.782" endtime="20220426 07:41:27.256"/>
</kw>
<status status="PASS" starttime="20220426 07:41:26.780" endtime="20220426 07:41:27.257"/>
</kw>
<kw name="navigateLoginPage" library="LoginPage">
<arg>Đăng Nhập</arg>
<kw name="Press Keys" library="SeleniumLibrary">
<arg>${btnNavigate}</arg>
<arg>${navigatelogin}</arg>
<doc>Simulates the user pressing key(s) to an element or on the active browser.</doc>
<msg timestamp="20220426 07:41:27.259" level="INFO">Sending key(s) ('Đăng Nhập',) to //*[@id="vnt-header"]/div[1]/div[3]/div[2]/div[2]/div[1]/ul/li[1]/a element.</msg>
<msg timestamp="20220426 07:41:28.304" level="INFO">Sending keys Đăng Nhập</msg>
<status status="PASS" starttime="20220426 07:41:27.258" endtime="20220426 07:41:28.348"/>
</kw>
<status status="PASS" starttime="20220426 07:41:27.257" endtime="20220426 07:41:28.349"/>
</kw>
<kw name="enter username" library="LoginPage">
<arg>${username}</arg>
<kw name="Input Text" library="SeleniumLibrary">
<arg>${txtUsername}</arg>
<arg>${username}</arg>
<doc>Types the given ``text`` into the text field identified by ``locator``.</doc>
<msg timestamp="20220426 07:41:28.352" level="INFO">Typing text 'truongnguyendep@gmail.com' into text field '//*[@id="login_user"]'.</msg>
<status status="PASS" starttime="20220426 07:41:28.351" endtime="20220426 07:41:28.569"/>
</kw>
<status status="PASS" starttime="20220426 07:41:28.350" endtime="20220426 07:41:28.570"/>
</kw>
<kw name="enter password" library="LoginPage">
<arg>${password}</arg>
<kw name="Input Text" library="SeleniumLibrary">
<arg>${txtPassword}</arg>
<arg>${password}</arg>
<doc>Types the given ``text`` into the text field identified by ``locator``.</doc>
<msg timestamp="20220426 07:41:28.574" level="INFO">Typing text '123456' into text field '//*[@id="password"]'.</msg>
<status status="PASS" starttime="20220426 07:41:28.573" endtime="20220426 07:41:28.787"/>
</kw>
<status status="PASS" starttime="20220426 07:41:28.572" endtime="20220426 07:41:28.787"/>
</kw>
<kw name="clickLoginButton" library="LoginPage">
<arg>ĐĂNG NHẬP</arg>
<kw name="Press Keys" library="SeleniumLibrary">
<arg>${btnLogin}</arg>
<arg>${logintext}</arg>
<doc>Simulates the user pressing key(s) to an element or on the active browser.</doc>
<msg timestamp="20220426 07:41:28.789" level="INFO">Sending key(s) ('ĐĂNG NHẬP',) to //*[@id="frmLogin"]/div[4]/button element.</msg>
<msg timestamp="20220426 07:41:30.122" level="INFO">Sending keys ĐĂNG NHẬP</msg>
<status status="PASS" starttime="20220426 07:41:28.788" endtime="20220426 07:41:30.174"/>
</kw>
<status status="PASS" starttime="20220426 07:41:28.788" endtime="20220426 07:41:30.175"/>
</kw>
<kw name="verify Error text" library="LoginPage">
<kw name="Wait Until Element Is Visible" library="SeleniumLibrary">
<arg>${errortext}</arg>
<doc>Waits until the element ``locator`` is visible.</doc>
<status status="PASS" starttime="20220426 07:41:30.176" endtime="20220426 07:41:30.224"/>
</kw>
<status status="PASS" starttime="20220426 07:41:30.175" endtime="20220426 07:41:30.225"/>
</kw>
<kw name="Close Browser" library="SeleniumLibrary" type="TEARDOWN">
<doc>Closes the current browser.</doc>
<status status="PASS" starttime="20220426 07:41:30.227" endtime="20220426 07:41:32.587"/>
</kw>
<status status="PASS" starttime="20220426 07:41:21.393" endtime="20220426 07:41:32.588"/>
</test>
<test id="s1-t2" name="Logged in successfully" line="51">
<kw name="open page" library="LoginPage">
<kw name="Open Browser" library="SeleniumLibrary">
<arg>${url}</arg>
<arg>Chrome</arg>
<doc>Opens a new browser instance to the optional ``url``.</doc>
<msg timestamp="20220426 07:41:32.599" level="INFO">Opening browser 'Chrome' to base url 'https://oldsailor.com.vn/nam.html?gclid=EAIaIQobChMIo93wt8Cd9wIV3plmAh38Egm7EAAYAiAAEgKGpvD_BwE'.</msg>
<status status="PASS" starttime="20220426 07:41:32.598" endtime="20220426 07:41:37.541"/>
</kw>
<kw name="Maximize Browser Window" library="SeleniumLibrary">
<doc>Maximizes current browser window.</doc>
<status status="PASS" starttime="20220426 07:41:37.541" endtime="20220426 07:41:37.824"/>
</kw>
<status status="PASS" starttime="20220426 07:41:32.597" endtime="20220426 07:41:37.824"/>
</kw>
<kw name="open tab user" library="LoginPage">
<arg>user</arg>
<kw name="Press Keys" library="SeleniumLibrary">
<arg>${btnOpenTabUser}</arg>
<arg>${tabuser}</arg>
<doc>Simulates the user pressing key(s) to an element or on the active browser.</doc>
<msg timestamp="20220426 07:41:37.833" level="INFO">Sending key(s) ('user',) to css=span.icon1 element.</msg>
<msg timestamp="20220426 07:41:38.319" level="INFO">Sending keys user</msg>
<status status="PASS" starttime="20220426 07:41:37.831" endtime="20220426 07:41:38.339"/>
</kw>
<status status="PASS" starttime="20220426 07:41:37.828" endtime="20220426 07:41:38.339"/>
</kw>
<kw name="navigateLoginPage" library="LoginPage">
<arg>Đăng Nhập</arg>
<kw name="Press Keys" library="SeleniumLibrary">
<arg>${btnNavigate}</arg>
<arg>${navigatelogin}</arg>
<doc>Simulates the user pressing key(s) to an element or on the active browser.</doc>
<msg timestamp="20220426 07:41:38.341" level="INFO">Sending key(s) ('Đăng Nhập',) to //*[@id="vnt-header"]/div[1]/div[3]/div[2]/div[2]/div[1]/ul/li[1]/a element.</msg>
<msg timestamp="20220426 07:41:39.441" level="INFO">Sending keys Đăng Nhập</msg>
<status status="PASS" starttime="20220426 07:41:38.340" endtime="20220426 07:41:39.475"/>
</kw>
<status status="PASS" starttime="20220426 07:41:38.340" endtime="20220426 07:41:39.476"/>
</kw>
<kw name="enter username" library="LoginPage">
<arg>${usernamewrong}</arg>
<msg timestamp="20220426 07:41:39.480" level="FAIL">Variable '${usernamewrong}' not found.</msg>
<status status="FAIL" starttime="20220426 07:41:39.477" endtime="20220426 07:41:39.480"/>
</kw>
<kw name="enter password" library="LoginPage">
<arg>${passwordwrong}</arg>
<status status="NOT RUN" starttime="20220426 07:41:39.481" endtime="20220426 07:41:39.481"/>
</kw>
<kw name="clickLoginButton" library="LoginPage">
<arg>ĐĂNG NHẬP</arg>
<status status="NOT RUN" starttime="20220426 07:41:39.482" endtime="20220426 07:41:39.482"/>
</kw>
<kw name="Close Browser" library="SeleniumLibrary" type="TEARDOWN">
<doc>Closes the current browser.</doc>
<status status="PASS" starttime="20220426 07:41:39.484" endtime="20220426 07:41:41.860"/>
</kw>
<status status="FAIL" starttime="20220426 07:41:32.593" endtime="20220426 07:41:41.862">Variable '${usernamewrong}' not found.</status>
</test>
<status status="FAIL" starttime="20220426 07:41:20.910" endtime="20220426 07:41:41.867"/>
</suite>
<statistics>
<total>
<stat pass="1" fail="1" skip="0">All Tests</stat>
</total>
<tag>
</tag>
<suite>
<stat pass="1" fail="1" skip="0" id="s1" name="POM">POM</stat>
</suite>
</statistics>
<errors>
</errors>
</robot>
