<?xml version="1.0" encoding="UTF-8"?>
<robot generator="Robot 5.0 (Python 3.9.6 on win32)" generated="20220427 17:36:13.535" rpa="false" schemaversion="3">
<suite id="s1" name="POM" source="C:\Users\TechCare\PycharmProjects\testing\TestCases\OrderPageTest__POM.robot">
<test id="s1-t1" name="Search Product" line="7">
<kw name="open page" library="OrderPage">
<kw name="Open Browser" library="SeleniumLibrary">
<arg>${url}</arg>
<arg>Chrome</arg>
<doc>Opens a new browser instance to the optional ``url``.</doc>
<msg timestamp="20220427 17:36:14.487" level="INFO">Opening browser 'Chrome' to base url 'https://oldsailor.com.vn/nam.html?gclid=EAIaIQobChMIo93wt8Cd9wIV3plmAh38Egm7EAAYAiAAEgKGpvD_BwE'.</msg>
<status status="PASS" starttime="20220427 17:36:14.487" endtime="20220427 17:36:21.526"/>
</kw>
<kw name="Maximize Browser Window" library="SeleniumLibrary">
<doc>Maximizes current browser window.</doc>
<status status="PASS" starttime="20220427 17:36:21.526" endtime="20220427 17:36:21.868"/>
</kw>
<status status="PASS" starttime="20220427 17:36:14.486" endtime="20220427 17:36:21.868"/>
</kw>
<kw name="scrollScreenPage" library="OrderPage">
<kw name="Execute Javascript" library="SeleniumLibrary">
<arg>${scrolllegth}</arg>
<doc>Executes the given JavaScript code with possible arguments.</doc>
<msg timestamp="20220427 17:36:21.888" level="INFO">Executing JavaScript:
window.scrollTo(0, 300)
Without any arguments.</msg>
<status status="PASS" starttime="20220427 17:36:21.886" endtime="20220427 17:36:22.025"/>
</kw>
<status status="PASS" starttime="20220427 17:36:21.886" endtime="20220427 17:36:22.027"/>
</kw>
<kw name="delayScreen" library="OrderPage">
<arg>2s</arg>
<kw name="Sleep" library="BuiltIn">
<arg>${second}</arg>
<doc>Pauses the test executed for the given time.</doc>
<msg timestamp="20220427 17:36:24.051" level="INFO">Slept 2 seconds</msg>
<status status="PASS" starttime="20220427 17:36:22.036" endtime="20220427 17:36:24.051"/>
</kw>
<status status="PASS" starttime="20220427 17:36:22.034" endtime="20220427 17:36:24.052"/>
</kw>
<kw name="scrolltoProduct" library="OrderPage">
<arg>//*[@id="vnt-content"]/div[2]/div/div[4]/div</arg>
<kw name="Scroll Element Into View" library="SeleniumLibrary">
<arg>${standingplace}</arg>
<doc>Scrolls the element identified by ``locator`` into view.</doc>
<status status="PASS" starttime="20220427 17:36:24.053" endtime="20220427 17:36:24.405"/>
</kw>
<status status="PASS" starttime="20220427 17:36:24.052" endtime="20220427 17:36:24.405"/>
</kw>
<kw name="delayScreen" library="OrderPage">
<arg>1s</arg>
<kw name="Sleep" library="BuiltIn">
<arg>${second}</arg>
<doc>Pauses the test executed for the given time.</doc>
<msg timestamp="20220427 17:36:25.424" level="INFO">Slept 1 second</msg>
<status status="PASS" starttime="20220427 17:36:24.417" endtime="20220427 17:36:25.424"/>
</kw>
<status status="PASS" starttime="20220427 17:36:24.416" endtime="20220427 17:36:25.424"/>
</kw>
<kw name="scrolltoProduct" library="OrderPage">
<arg>//*[@id="vnt-content"]/div[3]/div</arg>
<kw name="Scroll Element Into View" library="SeleniumLibrary">
<arg>${standingplace}</arg>
<doc>Scrolls the element identified by ``locator`` into view.</doc>
<status status="PASS" starttime="20220427 17:36:25.426" endtime="20220427 17:36:25.836"/>
</kw>
<status status="PASS" starttime="20220427 17:36:25.425" endtime="20220427 17:36:25.837"/>
</kw>
<kw name="delayScreen" library="OrderPage">
<arg>1s</arg>
<kw name="Sleep" library="BuiltIn">
<arg>${second}</arg>
<doc>Pauses the test executed for the given time.</doc>
<msg timestamp="20220427 17:36:26.847" level="INFO">Slept 1 second</msg>
<status status="PASS" starttime="20220427 17:36:25.839" endtime="20220427 17:36:26.848"/>
</kw>
<status status="PASS" starttime="20220427 17:36:25.837" endtime="20220427 17:36:26.849"/>
</kw>
<kw name="scrolltoProduct" library="OrderPage">
<arg>//*[@id="vnt-content"]/div[2]/div/div[2]/div/div</arg>
<kw name="Scroll Element Into View" library="SeleniumLibrary">
<arg>${standingplace}</arg>
<doc>Scrolls the element identified by ``locator`` into view.</doc>
<status status="PASS" starttime="20220427 17:36:26.850" endtime="20220427 17:36:27.166"/>
</kw>
<status status="PASS" starttime="20220427 17:36:26.849" endtime="20220427 17:36:27.166"/>
</kw>
<kw name="delayScreen" library="OrderPage">
<arg>1s</arg>
<kw name="Sleep" library="BuiltIn">
<arg>${second}</arg>
<doc>Pauses the test executed for the given time.</doc>
<msg timestamp="20220427 17:36:28.175" level="INFO">Slept 1 second</msg>
<status status="PASS" starttime="20220427 17:36:27.167" endtime="20220427 17:36:28.175"/>
</kw>
<status status="PASS" starttime="20220427 17:36:27.167" endtime="20220427 17:36:28.180"/>
</kw>
<kw name="scrolltoProduct" library="OrderPage">
<arg>//*[@id="vnt-content"]/div[2]/div/div[3]/div</arg>
<kw name="Scroll Element Into View" library="SeleniumLibrary">
<arg>${standingplace}</arg>
<doc>Scrolls the element identified by ``locator`` into view.</doc>
<status status="PASS" starttime="20220427 17:36:28.183" endtime="20220427 17:36:28.533"/>
</kw>
<status status="PASS" starttime="20220427 17:36:28.181" endtime="20220427 17:36:28.534"/>
</kw>
<kw name="clickDetailProduct" library="OrderPage">
<arg>//*[@id="vnt-content"]/div[2]/div/div[3]/div/div/div/div[1]/div/div[1]</arg>
<kw name="Click Element" library="SeleniumLibrary">
<arg>${detailproduct}</arg>
<doc>Click the element identified by ``locator``.</doc>
<msg timestamp="20220427 17:36:28.538" level="INFO">Clicking element '//*[@id="vnt-content"]/div[2]/div/div[3]/div/div/div/div[1]/div/div[1]'.</msg>
<status status="PASS" starttime="20220427 17:36:28.537" endtime="20220427 17:36:31.687"/>
</kw>
<status status="PASS" starttime="20220427 17:36:28.535" endtime="20220427 17:36:31.688"/>
</kw>
<kw name="delayScreen" library="OrderPage">
<arg>1s</arg>
<kw name="Sleep" library="BuiltIn">
<arg>${second}</arg>
<doc>Pauses the test executed for the given time.</doc>
<msg timestamp="20220427 17:36:32.694" level="INFO">Slept 1 second</msg>
<status status="PASS" starttime="20220427 17:36:31.690" endtime="20220427 17:36:32.694"/>
</kw>
<status status="PASS" starttime="20220427 17:36:31.689" endtime="20220427 17:36:32.695"/>
</kw>
<status status="PASS" starttime="20220427 17:36:14.485" endtime="20220427 17:36:32.698"/>
</test>
<test id="s1-t2" name="Filter Product" line="20">
<kw name="clickbtnFilterProduct" library="OrderPage">
<arg>//*[@id="filter-size"]/div[1]</arg>
<kw name="Click Element" library="SeleniumLibrary">
<arg>${btnfilterproduct}</arg>
<doc>Click the element identified by ``locator``.</doc>
<msg timestamp="20220427 17:36:32.706" level="INFO">Clicking element '//*[@id="filter-size"]/div[1]'.</msg>
<status status="PASS" starttime="20220427 17:36:32.705" endtime="20220427 17:36:32.884"/>
</kw>
<status status="PASS" starttime="20220427 17:36:32.702" endtime="20220427 17:36:32.884"/>
</kw>
<kw name="delayScreen" library="OrderPage">
<arg>1s</arg>
<kw name="Sleep" library="BuiltIn">
<arg>${second}</arg>
<doc>Pauses the test executed for the given time.</doc>
<msg timestamp="20220427 17:36:33.889" level="INFO">Slept 1 second</msg>
<status status="PASS" starttime="20220427 17:36:32.886" endtime="20220427 17:36:33.889"/>
</kw>
<status status="PASS" starttime="20220427 17:36:32.885" endtime="20220427 17:36:33.889"/>
</kw>
<kw name="clickbtnFilterProduct" library="OrderPage">
<arg>//*[@id="filter-size"]/div[2]/div/div[3]</arg>
<kw name="Click Element" library="SeleniumLibrary">
<arg>${btnfilterproduct}</arg>
<doc>Click the element identified by ``locator``.</doc>
<msg timestamp="20220427 17:36:33.891" level="INFO">Clicking element '//*[@id="filter-size"]/div[2]/div/div[3]'.</msg>
<status status="PASS" starttime="20220427 17:36:33.891" endtime="20220427 17:36:35.866"/>
</kw>
<status status="PASS" starttime="20220427 17:36:33.890" endtime="20220427 17:36:35.867"/>
</kw>
<kw name="clickbtnFilterProduct" library="OrderPage">
<arg>//*[@id="filter-color"]/div[1]</arg>
<kw name="Click Element" library="SeleniumLibrary">
<arg>${btnfilterproduct}</arg>
<doc>Click the element identified by ``locator``.</doc>
<msg timestamp="20220427 17:36:35.869" level="INFO">Clicking element '//*[@id="filter-color"]/div[1]'.</msg>
<status status="PASS" starttime="20220427 17:36:35.868" endtime="20220427 17:36:36.005"/>
</kw>
<status status="PASS" starttime="20220427 17:36:35.868" endtime="20220427 17:36:36.006"/>
</kw>
<kw name="scrollScreenPage" library="OrderPage">
<kw name="Execute Javascript" library="SeleniumLibrary">
<arg>${scrolllegth}</arg>
<doc>Executes the given JavaScript code with possible arguments.</doc>
<msg timestamp="20220427 17:36:36.021" level="INFO">Executing JavaScript:
window.scrollTo(0, 300)
Without any arguments.</msg>
<status status="PASS" starttime="20220427 17:36:36.020" endtime="20220427 17:36:36.038"/>
</kw>
<status status="PASS" starttime="20220427 17:36:36.019" endtime="20220427 17:36:36.038"/>
</kw>
<status status="PASS" starttime="20220427 17:36:32.701" endtime="20220427 17:36:36.039"/>
</test>
<test id="s1-t3" name="addToCard" line="26">
<kw name="clickDetailProduct" library="OrderPage">
<arg>//*[@id="gripItemproduct"]/div[1]/div/div[1]</arg>
<kw name="Click Element" library="SeleniumLibrary">
<arg>${detailproduct}</arg>
<doc>Click the element identified by ``locator``.</doc>
<msg timestamp="20220427 17:36:36.049" level="INFO">Clicking element '//*[@id="gripItemproduct"]/div[1]/div/div[1]'.</msg>
<status status="PASS" starttime="20220427 17:36:36.048" endtime="20220427 17:36:43.415"/>
</kw>
<status status="PASS" starttime="20220427 17:36:36.047" endtime="20220427 17:36:43.416"/>
</kw>
<kw name="scrollScreenPage" library="OrderPage">
<kw name="Execute Javascript" library="SeleniumLibrary">
<arg>${scrolllegth}</arg>
<doc>Executes the given JavaScript code with possible arguments.</doc>
<msg timestamp="20220427 17:36:43.419" level="INFO">Executing JavaScript:
window.scrollTo(0, 300)
Without any arguments.</msg>
<status status="PASS" starttime="20220427 17:36:43.418" endtime="20220427 17:36:43.426"/>
</kw>
<status status="PASS" starttime="20220427 17:36:43.417" endtime="20220427 17:36:43.428"/>
</kw>
<kw name="clickbtnFilterProduct" library="OrderPage">
<arg>//*[@id="proDetail"]/div[3]/div[1]/div/div[1]</arg>
<kw name="Click Element" library="SeleniumLibrary">
<arg>${btnfilterproduct}</arg>
<doc>Click the element identified by ``locator``.</doc>
<msg timestamp="20220427 17:36:43.432" level="INFO">Clicking element '//*[@id="proDetail"]/div[3]/div[1]/div/div[1]'.</msg>
<status status="PASS" starttime="20220427 17:36:43.432" endtime="20220427 17:36:43.683"/>
</kw>
<status status="PASS" starttime="20220427 17:36:43.431" endtime="20220427 17:36:43.683"/>
</kw>
<kw name="delayScreen" library="OrderPage">
<arg>1s</arg>
<kw name="Sleep" library="BuiltIn">
<arg>${second}</arg>
<doc>Pauses the test executed for the given time.</doc>
<msg timestamp="20220427 17:36:44.694" level="INFO">Slept 1 second</msg>
<status status="PASS" starttime="20220427 17:36:43.685" endtime="20220427 17:36:44.694"/>
</kw>
<status status="PASS" starttime="20220427 17:36:43.684" endtime="20220427 17:36:44.695"/>
</kw>
<kw name="clickbtnFilterProduct" library="OrderPage">
<arg>//*[@id="proDetail"]/div[3]/div[1]/div/div[2]/ul/li[2]</arg>
<kw name="Click Element" library="SeleniumLibrary">
<arg>${btnfilterproduct}</arg>
<doc>Click the element identified by ``locator``.</doc>
<msg timestamp="20220427 17:36:44.698" level="INFO">Clicking element '//*[@id="proDetail"]/div[3]/div[1]/div/div[2]/ul/li[2]'.</msg>
<status status="PASS" starttime="20220427 17:36:44.697" endtime="20220427 17:36:44.841"/>
</kw>
<status status="PASS" starttime="20220427 17:36:44.696" endtime="20220427 17:36:44.842"/>
</kw>
<kw name="delayScreen" library="OrderPage">
<arg>4s</arg>
<kw name="Sleep" library="BuiltIn">
<arg>${second}</arg>
<doc>Pauses the test executed for the given time.</doc>
<msg timestamp="20220427 17:36:48.852" level="INFO">Slept 4 seconds</msg>
<status status="PASS" starttime="20220427 17:36:44.847" endtime="20220427 17:36:48.852"/>
</kw>
<status status="PASS" starttime="20220427 17:36:44.846" endtime="20220427 17:36:48.852"/>
</kw>
<kw name="clickButton" library="OrderPage">
<arg>ĐẶT MUA NGAY</arg>
<kw name="Press Keys" library="SeleniumLibrary">
<arg>${buttonBuy}</arg>
<arg>${txtbtnbuy}</arg>
<doc>Simulates the user pressing key(s) to an element or on the active browser.</doc>
<msg timestamp="20220427 17:36:48.856" level="INFO">Sending key(s) ('ĐẶT MUA NGAY',) to //*[@id="btnAddCart"] element.</msg>
<msg timestamp="20220427 17:36:49.399" level="INFO">Sending keys ĐẶT MUA NGAY</msg>
<status status="PASS" starttime="20220427 17:36:48.854" endtime="20220427 17:36:49.456"/>
</kw>
<status status="PASS" starttime="20220427 17:36:48.853" endtime="20220427 17:36:49.457"/>
</kw>
<kw name="Close Browser" library="SeleniumLibrary" type="TEARDOWN">
<doc>Closes the current browser.</doc>
<status status="PASS" starttime="20220427 17:36:49.461" endtime="20220427 17:36:52.046"/>
</kw>
<status status="PASS" starttime="20220427 17:36:36.043" endtime="20220427 17:36:52.047"/>
</test>
<status status="PASS" starttime="20220427 17:36:13.541" endtime="20220427 17:36:52.051"/>
</suite>
<statistics>
<total>
<stat pass="3" fail="0" skip="0">All Tests</stat>
</total>
<tag>
</tag>
<suite>
<stat pass="3" fail="0" skip="0" id="s1" name="POM">POM</stat>
</suite>
</statistics>
<errors>
</errors>
</robot>
