<?xml version="1.0" encoding="UTF-8"?>
<robot generator="Robot 5.0 (Python 3.9.6 on win32)" generated="20220427 19:01:46.829" rpa="false" schemaversion="3">
<suite id="s1" name="POM" source="C:\Users\TechCare\PycharmProjects\testing\TestCases\LoginTest__POM.robot">
<test id="s1-t1" name="Login with wrong password" line="7">
<kw name="Get Data Test By Data Key" library="DataTest">
<var>${username}</var>
<arg>usernamecorrect</arg>
<msg timestamp="20220427 19:01:47.303" level="INFO">${username} = truongnguyendep@gmail.com</msg>
<status status="PASS" starttime="20220427 19:01:47.301" endtime="20220427 19:01:47.303"/>
</kw>
<kw name="Get Data Test By Data Key" library="DataTest">
<var>${password}</var>
<arg>passwordcorrect</arg>
<msg timestamp="20220427 19:01:47.304" level="INFO">${password} = 123456</msg>
<status status="PASS" starttime="20220427 19:01:47.303" endtime="20220427 19:01:47.304"/>
</kw>
<kw name="open page" library="LoginPage">
<kw name="Open Browser" library="SeleniumLibrary">
<arg>${url}</arg>
<arg>Chrome</arg>
<doc>Opens a new browser instance to the optional ``url``.</doc>
<msg timestamp="20220427 19:01:47.306" level="INFO">Opening browser 'Chrome' to base url 'https://oldsailor.com.vn/nam.html?gclid=EAIaIQobChMIo93wt8Cd9wIV3plmAh38Egm7EAAYAiAAEgKGpvD_BwE'.</msg>
<status status="PASS" starttime="20220427 19:01:47.305" endtime="20220427 19:01:55.037"/>
</kw>
<kw name="Maximize Browser Window" library="SeleniumLibrary">
<doc>Maximizes current browser window.</doc>
<status status="PASS" starttime="20220427 19:01:55.038" endtime="20220427 19:01:55.657"/>
</kw>
<status status="PASS" starttime="20220427 19:01:47.305" endtime="20220427 19:01:55.658"/>
</kw>
<kw name="delayScreen" library="LoginPage">
<arg>2s</arg>
<kw name="Sleep" library="BuiltIn">
<arg>${second}</arg>
<doc>Pauses the test executed for the given time.</doc>
<msg timestamp="20220427 19:01:57.673" level="INFO">Slept 2 seconds</msg>
<status status="PASS" starttime="20220427 19:01:55.667" endtime="20220427 19:01:57.673"/>
</kw>
<status status="PASS" starttime="20220427 19:01:55.666" endtime="20220427 19:01:57.673"/>
</kw>
<kw name="open tab user" library="LoginPage">
<arg>user</arg>
<kw name="Press Keys" library="SeleniumLibrary">
<arg>${btnOpenTabUser}</arg>
<arg>${tabuser}</arg>
<doc>Simulates the user pressing key(s) to an element or on the active browser.</doc>
<msg timestamp="20220427 19:01:57.675" level="INFO">Sending key(s) ('user',) to css=span.icon1 element.</msg>
<msg timestamp="20220427 19:01:58.011" level="INFO">Sending keys user</msg>
<status status="PASS" starttime="20220427 19:01:57.675" endtime="20220427 19:01:58.034"/>
</kw>
<status status="PASS" starttime="20220427 19:01:57.674" endtime="20220427 19:01:58.034"/>
</kw>
<kw name="navigateLoginPage" library="LoginPage">
<arg>Đăng Nhập</arg>
<kw name="Press Keys" library="SeleniumLibrary">
<arg>${btnNavigate}</arg>
<arg>${navigatelogin}</arg>
<doc>Simulates the user pressing key(s) to an element or on the active browser.</doc>
<msg timestamp="20220427 19:01:58.044" level="INFO">Sending key(s) ('Đăng Nhập',) to //*[@id="vnt-header"]/div[1]/div[3]/div[2]/div[2]/div[1]/ul/li[1]/a element.</msg>
<msg timestamp="20220427 19:01:59.783" level="INFO">Sending keys Đăng Nhập</msg>
<status status="PASS" starttime="20220427 19:01:58.036" endtime="20220427 19:01:59.814"/>
</kw>
<status status="PASS" starttime="20220427 19:01:58.035" endtime="20220427 19:01:59.814"/>
</kw>
<kw name="enter username" library="LoginPage">
<arg>${username}</arg>
<kw name="Input Text" library="SeleniumLibrary">
<arg>${txtUsername}</arg>
<arg>${username}</arg>
<doc>Types the given ``text`` into the text field identified by ``locator``.</doc>
<msg timestamp="20220427 19:01:59.816" level="INFO">Typing text 'truongnguyendep@gmail.com' into text field '//*[@id="login_user"]'.</msg>
<status status="PASS" starttime="20220427 19:01:59.815" endtime="20220427 19:02:00.101"/>
</kw>
<status status="PASS" starttime="20220427 19:01:59.815" endtime="20220427 19:02:00.102"/>
</kw>
<kw name="enter password" library="LoginPage">
<arg>${password}</arg>
<kw name="Input Text" library="SeleniumLibrary">
<arg>${txtPassword}</arg>
<arg>${password}</arg>
<doc>Types the given ``text`` into the text field identified by ``locator``.</doc>
<msg timestamp="20220427 19:02:00.104" level="INFO">Typing text '123456' into text field '//*[@id="password"]'.</msg>
<status status="PASS" starttime="20220427 19:02:00.103" endtime="20220427 19:02:00.257"/>
</kw>
<status status="PASS" starttime="20220427 19:02:00.102" endtime="20220427 19:02:00.258"/>
</kw>
<kw name="checkbox" library="LoginPage">
<kw name="Page Should Contain Checkbox" library="SeleniumLibrary">
<arg>${checkbox}</arg>
<doc>Verifies checkbox ``locator`` is found from the current page.</doc>
<msg timestamp="20220427 19:02:00.355" level="INFO">Current page contains checkbox '//*[@id="ch_remember"]'.</msg>
<status status="PASS" starttime="20220427 19:02:00.259" endtime="20220427 19:02:00.355"/>
</kw>
<kw name="Select Checkbox" library="SeleniumLibrary">
<arg>${checkbox}</arg>
<doc>Selects the checkbox identified by ``locator``.</doc>
<msg timestamp="20220427 19:02:00.357" level="INFO">Selecting checkbox '//*[@id="ch_remember"]'.</msg>
<status status="PASS" starttime="20220427 19:02:00.356" endtime="20220427 19:02:00.501"/>
</kw>
<kw name="Checkbox Should Be Selected" library="SeleniumLibrary">
<arg>${checkbox}</arg>
<doc>Verifies checkbox ``locator`` is selected/checked.</doc>
<msg timestamp="20220427 19:02:00.502" level="INFO">Verifying checkbox '//*[@id="ch_remember"]' is selected.</msg>
<status status="PASS" starttime="20220427 19:02:00.501" endtime="20220427 19:02:00.594"/>
</kw>
<status status="PASS" starttime="20220427 19:02:00.259" endtime="20220427 19:02:00.595"/>
</kw>
<kw name="delayScreen" library="LoginPage">
<arg>3s</arg>
<kw name="Sleep" library="BuiltIn">
<arg>${second}</arg>
<doc>Pauses the test executed for the given time.</doc>
<msg timestamp="20220427 19:02:03.605" level="INFO">Slept 3 seconds</msg>
<status status="PASS" starttime="20220427 19:02:00.596" endtime="20220427 19:02:03.605"/>
</kw>
<status status="PASS" starttime="20220427 19:02:00.595" endtime="20220427 19:02:03.605"/>
</kw>
<kw name="clickLoginButton" library="LoginPage">
<arg>ĐĂNG NHẬP</arg>
<kw name="Press Keys" library="SeleniumLibrary">
<arg>${btnLogin}</arg>
<arg>${logintext}</arg>
<doc>Simulates the user pressing key(s) to an element or on the active browser.</doc>
<msg timestamp="20220427 19:02:03.609" level="INFO">Sending key(s) ('ĐĂNG NHẬP',) to //*[@id="frmLogin"]/div[4]/button element.</msg>
<msg timestamp="20220427 19:02:07.057" level="INFO">Sending keys ĐĂNG NHẬP</msg>
<status status="PASS" starttime="20220427 19:02:03.608" endtime="20220427 19:02:07.090"/>
</kw>
<status status="PASS" starttime="20220427 19:02:03.608" endtime="20220427 19:02:07.090"/>
</kw>
<kw name="verify Error text" library="LoginPage">
<kw name="Wait Until Element Is Visible" library="SeleniumLibrary">
<arg>${errortext}</arg>
<doc>Waits until the element ``locator`` is visible.</doc>
<status status="PASS" starttime="20220427 19:02:07.092" endtime="20220427 19:02:07.164"/>
</kw>
<status status="PASS" starttime="20220427 19:02:07.091" endtime="20220427 19:02:07.165"/>
</kw>
<kw name="delayScreen" library="LoginPage">
<arg>3s</arg>
<kw name="Sleep" library="BuiltIn">
<arg>${second}</arg>
<doc>Pauses the test executed for the given time.</doc>
<msg timestamp="20220427 19:02:10.174" level="INFO">Slept 3 seconds</msg>
<status status="PASS" starttime="20220427 19:02:07.167" endtime="20220427 19:02:10.175"/>
</kw>
<status status="PASS" starttime="20220427 19:02:07.166" endtime="20220427 19:02:10.175"/>
</kw>
<kw name="Close Browser" library="SeleniumLibrary" type="TEARDOWN">
<doc>Closes the current browser.</doc>
<status status="PASS" starttime="20220427 19:02:10.176" endtime="20220427 19:02:12.564"/>
</kw>
<status status="PASS" starttime="20220427 19:01:47.300" endtime="20220427 19:02:12.565"/>
</test>
<test id="s1-t2" name="Logged in successfully" line="24">
<kw name="Get Data Test By Data Key" library="DataTest">
<var>${usernamewrong}</var>
<arg>usernamewrong</arg>
<msg timestamp="20220427 19:02:12.571" level="INFO">${usernamewrong} = truongnguyendep@gmail.com</msg>
<status status="PASS" starttime="20220427 19:02:12.570" endtime="20220427 19:02:12.571"/>
</kw>
<kw name="Get Data Test By Data Key" library="DataTest">
<var>${passwordwrong}</var>
<arg>passwordwrong</arg>
<msg timestamp="20220427 19:02:12.572" level="INFO">${passwordwrong} = Truong19062001</msg>
<status status="PASS" starttime="20220427 19:02:12.571" endtime="20220427 19:02:12.572"/>
</kw>
<kw name="open page" library="LoginPage">
<kw name="Open Browser" library="SeleniumLibrary">
<arg>${url}</arg>
<arg>Chrome</arg>
<doc>Opens a new browser instance to the optional ``url``.</doc>
<msg timestamp="20220427 19:02:12.574" level="INFO">Opening browser 'Chrome' to base url 'https://oldsailor.com.vn/nam.html?gclid=EAIaIQobChMIo93wt8Cd9wIV3plmAh38Egm7EAAYAiAAEgKGpvD_BwE'.</msg>
<status status="PASS" starttime="20220427 19:02:12.573" endtime="20220427 19:02:23.600"/>
</kw>
<kw name="Maximize Browser Window" library="SeleniumLibrary">
<doc>Maximizes current browser window.</doc>
<status status="PASS" starttime="20220427 19:02:23.600" endtime="20220427 19:02:23.829"/>
</kw>
<status status="PASS" starttime="20220427 19:02:12.573" endtime="20220427 19:02:23.830"/>
</kw>
<kw name="delayScreen" library="LoginPage">
<arg>3s</arg>
<kw name="Sleep" library="BuiltIn">
<arg>${second}</arg>
<doc>Pauses the test executed for the given time.</doc>
<msg timestamp="20220427 19:02:26.847" level="INFO">Slept 3 seconds</msg>
<status status="PASS" starttime="20220427 19:02:23.833" endtime="20220427 19:02:26.848"/>
</kw>
<status status="PASS" starttime="20220427 19:02:23.832" endtime="20220427 19:02:26.848"/>
</kw>
<kw name="open tab user" library="LoginPage">
<arg>user</arg>
<kw name="Press Keys" library="SeleniumLibrary">
<arg>${btnOpenTabUser}</arg>
<arg>${tabuser}</arg>
<doc>Simulates the user pressing key(s) to an element or on the active browser.</doc>
<msg timestamp="20220427 19:02:26.877" level="INFO">Sending key(s) ('user',) to css=span.icon1 element.</msg>
<msg timestamp="20220427 19:02:27.253" level="INFO">Sending keys user</msg>
<status status="PASS" starttime="20220427 19:02:26.874" endtime="20220427 19:02:27.354"/>
</kw>
<status status="PASS" starttime="20220427 19:02:26.873" endtime="20220427 19:02:27.357"/>
</kw>
<kw name="navigateLoginPage" library="LoginPage">
<arg>Đăng Nhập</arg>
<kw name="Press Keys" library="SeleniumLibrary">
<arg>${btnNavigate}</arg>
<arg>${navigatelogin}</arg>
<doc>Simulates the user pressing key(s) to an element or on the active browser.</doc>
<msg timestamp="20220427 19:02:27.364" level="INFO">Sending key(s) ('Đăng Nhập',) to //*[@id="vnt-header"]/div[1]/div[3]/div[2]/div[2]/div[1]/ul/li[1]/a element.</msg>
<msg timestamp="20220427 19:02:29.410" level="INFO">Sending keys Đăng Nhập</msg>
<status status="PASS" starttime="20220427 19:02:27.362" endtime="20220427 19:02:29.466"/>
</kw>
<status status="PASS" starttime="20220427 19:02:27.361" endtime="20220427 19:02:29.466"/>
</kw>
<kw name="enter username" library="LoginPage">
<arg>${usernamewrong}</arg>
<kw name="Input Text" library="SeleniumLibrary">
<arg>${txtUsername}</arg>
<arg>${username}</arg>
<doc>Types the given ``text`` into the text field identified by ``locator``.</doc>
<msg timestamp="20220427 19:02:29.471" level="INFO">Typing text 'truongnguyendep@gmail.com' into text field '//*[@id="login_user"]'.</msg>
<status status="PASS" starttime="20220427 19:02:29.470" endtime="20220427 19:02:29.862"/>
</kw>
<status status="PASS" starttime="20220427 19:02:29.469" endtime="20220427 19:02:29.863"/>
</kw>
<kw name="enter password" library="LoginPage">
<arg>${passwordwrong}</arg>
<kw name="Input Text" library="SeleniumLibrary">
<arg>${txtPassword}</arg>
<arg>${password}</arg>
<doc>Types the given ``text`` into the text field identified by ``locator``.</doc>
<msg timestamp="20220427 19:02:29.867" level="INFO">Typing text 'Truong19062001' into text field '//*[@id="password"]'.</msg>
<status status="PASS" starttime="20220427 19:02:29.866" endtime="20220427 19:02:30.185"/>
</kw>
<status status="PASS" starttime="20220427 19:02:29.864" endtime="20220427 19:02:30.186"/>
</kw>
<kw name="checkbox" library="LoginPage">
<kw name="Page Should Contain Checkbox" library="SeleniumLibrary">
<arg>${checkbox}</arg>
<doc>Verifies checkbox ``locator`` is found from the current page.</doc>
<msg timestamp="20220427 19:02:30.301" level="INFO">Current page contains checkbox '//*[@id="ch_remember"]'.</msg>
<status status="PASS" starttime="20220427 19:02:30.187" endtime="20220427 19:02:30.302"/>
</kw>
<kw name="Select Checkbox" library="SeleniumLibrary">
<arg>${checkbox}</arg>
<doc>Selects the checkbox identified by ``locator``.</doc>
<msg timestamp="20220427 19:02:30.303" level="INFO">Selecting checkbox '//*[@id="ch_remember"]'.</msg>
<status status="PASS" starttime="20220427 19:02:30.302" endtime="20220427 19:02:30.610"/>
</kw>
<kw name="Checkbox Should Be Selected" library="SeleniumLibrary">
<arg>${checkbox}</arg>
<doc>Verifies checkbox ``locator`` is selected/checked.</doc>
<msg timestamp="20220427 19:02:30.611" level="INFO">Verifying checkbox '//*[@id="ch_remember"]' is selected.</msg>
<status status="PASS" starttime="20220427 19:02:30.610" endtime="20220427 19:02:30.709"/>
</kw>
<status status="PASS" starttime="20220427 19:02:30.186" endtime="20220427 19:02:30.709"/>
</kw>
<kw name="delayScreen" library="LoginPage">
<arg>6s</arg>
<kw name="Sleep" library="BuiltIn">
<arg>${second}</arg>
<doc>Pauses the test executed for the given time.</doc>
<msg timestamp="20220427 19:02:36.727" level="INFO">Slept 6 seconds</msg>
<status status="PASS" starttime="20220427 19:02:30.713" endtime="20220427 19:02:36.727"/>
</kw>
<status status="PASS" starttime="20220427 19:02:30.712" endtime="20220427 19:02:36.728"/>
</kw>
<kw name="clickLoginButton" library="LoginPage">
<arg>ĐĂNG NHẬP</arg>
<kw name="Press Keys" library="SeleniumLibrary">
<arg>${btnLogin}</arg>
<arg>${logintext}</arg>
<doc>Simulates the user pressing key(s) to an element or on the active browser.</doc>
<msg timestamp="20220427 19:02:36.819" level="INFO">Sending key(s) ('ĐĂNG NHẬP',) to //*[@id="frmLogin"]/div[4]/button element.</msg>
<msg timestamp="20220427 19:02:40.078" level="INFO">Sending keys ĐĂNG NHẬP</msg>
<status status="PASS" starttime="20220427 19:02:36.818" endtime="20220427 19:02:40.151"/>
</kw>
<status status="PASS" starttime="20220427 19:02:36.817" endtime="20220427 19:02:40.151"/>
</kw>
<kw name="Close Browser" library="SeleniumLibrary" type="TEARDOWN">
<doc>Closes the current browser.</doc>
<status status="PASS" starttime="20220427 19:02:40.155" endtime="20220427 19:02:43.493"/>
</kw>
<status status="PASS" starttime="20220427 19:02:12.568" endtime="20220427 19:02:43.494"/>
</test>
<status status="PASS" starttime="20220427 19:01:46.833" endtime="20220427 19:02:43.499"/>
</suite>
<statistics>
<total>
<stat pass="2" fail="0" skip="0">All Tests</stat>
</total>
<tag>
</tag>
<suite>
<stat pass="2" fail="0" skip="0" id="s1" name="POM">POM</stat>
</suite>
</statistics>
<errors>
</errors>
</robot>
