<?xml version="1.0" encoding="UTF-8"?>
<robot generator="Robot 5.0 (Python 3.9.6 on win32)" generated="20220427 19:42:16.331" rpa="false" schemaversion="3">
<suite id="s1" name="POM" source="C:\Users\TechCare\PycharmProjects\testing\TestCases\LoginTest__POM.robot">
<test id="s1-t1" name="Login with wrong password" line="7">
<kw name="Get Data Test By Data Key" library="DataTest">
<var>${username}</var>
<arg>usernamecorrect</arg>
<msg timestamp="20220427 19:42:19.251" level="INFO">${username} = truongnguyendep@gmail.com</msg>
<status status="PASS" starttime="20220427 19:42:19.248" endtime="20220427 19:42:19.251"/>
</kw>
<kw name="Get Data Test By Data Key" library="DataTest">
<var>${password}</var>
<arg>passwordcorrect</arg>
<msg timestamp="20220427 19:42:19.254" level="INFO">${password} = 123456</msg>
<status status="PASS" starttime="20220427 19:42:19.252" endtime="20220427 19:42:19.254"/>
</kw>
<kw name="open page" library="LoginPage">
<kw name="Open Browser" library="SeleniumLibrary">
<arg>${url}</arg>
<arg>Chrome</arg>
<doc>Opens a new browser instance to the optional ``url``.</doc>
<msg timestamp="20220427 19:42:19.262" level="INFO">Opening browser 'Chrome' to base url 'https://oldsailor.com.vn/nam.html?gclid=EAIaIQobChMIo93wt8Cd9wIV3plmAh38Egm7EAAYAiAAEgKGpvD_BwE'.</msg>
<status status="PASS" starttime="20220427 19:42:19.259" endtime="20220427 19:42:34.317"/>
</kw>
<kw name="Maximize Browser Window" library="SeleniumLibrary">
<doc>Maximizes current browser window.</doc>
<status status="PASS" starttime="20220427 19:42:34.318" endtime="20220427 19:42:34.757"/>
</kw>
<status status="PASS" starttime="20220427 19:42:19.255" endtime="20220427 19:42:34.757"/>
</kw>
<kw name="delayScreen" library="LoginPage">
<arg>2s</arg>
<kw name="Sleep" library="BuiltIn">
<arg>${second}</arg>
<doc>Pauses the test executed for the given time.</doc>
<msg timestamp="20220427 19:42:36.788" level="INFO">Slept 2 seconds</msg>
<status status="PASS" starttime="20220427 19:42:34.782" endtime="20220427 19:42:36.789"/>
</kw>
<status status="PASS" starttime="20220427 19:42:34.781" endtime="20220427 19:42:36.790"/>
</kw>
<kw name="open tab user" library="LoginPage">
<arg>user</arg>
<kw name="Press Keys" library="SeleniumLibrary">
<arg>${btnOpenTabUser}</arg>
<arg>${tabuser}</arg>
<doc>Simulates the user pressing key(s) to an element or on the active browser.</doc>
<msg timestamp="20220427 19:42:36.804" level="INFO">Sending key(s) ('user',) to css=span.icon1 element.</msg>
<msg timestamp="20220427 19:42:37.195" level="INFO">Sending keys user</msg>
<status status="PASS" starttime="20220427 19:42:36.798" endtime="20220427 19:42:37.302"/>
</kw>
<status status="PASS" starttime="20220427 19:42:36.792" endtime="20220427 19:42:37.303"/>
</kw>
<kw name="navigateLoginPage" library="LoginPage">
<arg>Đăng Nhập</arg>
<kw name="Press Keys" library="SeleniumLibrary">
<arg>${btnNavigate}</arg>
<arg>${navigatelogin}</arg>
<doc>Simulates the user pressing key(s) to an element or on the active browser.</doc>
<msg timestamp="20220427 19:42:37.308" level="INFO">Sending key(s) ('Đăng Nhập',) to //*[@id="vnt-header"]/div[1]/div[3]/div[2]/div[2]/div[1]/ul/li[1]/a element.</msg>
<msg timestamp="20220427 19:42:42.031" level="INFO">Sending keys Đăng Nhập</msg>
<status status="PASS" starttime="20220427 19:42:37.305" endtime="20220427 19:42:42.065"/>
</kw>
<status status="PASS" starttime="20220427 19:42:37.304" endtime="20220427 19:42:42.066"/>
</kw>
<kw name="enter username" library="LoginPage">
<arg>${username}</arg>
<kw name="Input Text" library="SeleniumLibrary">
<arg>${txtUsername}</arg>
<arg>${username}</arg>
<doc>Types the given ``text`` into the text field identified by ``locator``.</doc>
<msg timestamp="20220427 19:42:42.080" level="INFO">Typing text 'truongnguyendep@gmail.com' into text field '//*[@id="login_user"]'.</msg>
<status status="PASS" starttime="20220427 19:42:42.078" endtime="20220427 19:42:42.696"/>
</kw>
<status status="PASS" starttime="20220427 19:42:42.075" endtime="20220427 19:42:42.696"/>
</kw>
<kw name="enter password" library="LoginPage">
<arg>${password}</arg>
<kw name="Input Text" library="SeleniumLibrary">
<arg>${txtPassword}</arg>
<arg>${password}</arg>
<doc>Types the given ``text`` into the text field identified by ``locator``.</doc>
<msg timestamp="20220427 19:42:42.701" level="INFO">Typing text '123456' into text field '//*[@id="password"]'.</msg>
<status status="PASS" starttime="20220427 19:42:42.700" endtime="20220427 19:42:42.993"/>
</kw>
<status status="PASS" starttime="20220427 19:42:42.699" endtime="20220427 19:42:42.994"/>
</kw>
<kw name="checkbox" library="LoginPage">
<kw name="Page Should Contain Checkbox" library="SeleniumLibrary">
<arg>${checkbox}</arg>
<doc>Verifies checkbox ``locator`` is found from the current page.</doc>
<msg timestamp="20220427 19:42:43.230" level="INFO">Current page contains checkbox '//*[@id="ch_remember"]'.</msg>
<status status="PASS" starttime="20220427 19:42:43.019" endtime="20220427 19:42:43.230"/>
</kw>
<kw name="Select Checkbox" library="SeleniumLibrary">
<arg>${checkbox}</arg>
<doc>Selects the checkbox identified by ``locator``.</doc>
<msg timestamp="20220427 19:42:43.231" level="INFO">Selecting checkbox '//*[@id="ch_remember"]'.</msg>
<status status="PASS" starttime="20220427 19:42:43.230" endtime="20220427 19:42:43.509"/>
</kw>
<kw name="Checkbox Should Be Selected" library="SeleniumLibrary">
<arg>${checkbox}</arg>
<doc>Verifies checkbox ``locator`` is selected/checked.</doc>
<msg timestamp="20220427 19:42:43.510" level="INFO">Verifying checkbox '//*[@id="ch_remember"]' is selected.</msg>
<status status="PASS" starttime="20220427 19:42:43.510" endtime="20220427 19:42:43.637"/>
</kw>
<status status="PASS" starttime="20220427 19:42:43.018" endtime="20220427 19:42:43.637"/>
</kw>
<kw name="delayScreen" library="LoginPage">
<arg>3s</arg>
<kw name="Sleep" library="BuiltIn">
<arg>${second}</arg>
<doc>Pauses the test executed for the given time.</doc>
<msg timestamp="20220427 19:42:46.648" level="INFO">Slept 3 seconds</msg>
<status status="PASS" starttime="20220427 19:42:43.642" endtime="20220427 19:42:46.648"/>
</kw>
<status status="PASS" starttime="20220427 19:42:43.641" endtime="20220427 19:42:46.649"/>
</kw>
<kw name="clickLoginButton" library="LoginPage">
<arg>ĐĂNG NHẬP</arg>
<kw name="Press Keys" library="SeleniumLibrary">
<arg>${btnLogin}</arg>
<arg>${logintext}</arg>
<doc>Simulates the user pressing key(s) to an element or on the active browser.</doc>
<msg timestamp="20220427 19:42:46.654" level="INFO">Sending key(s) ('ĐĂNG NHẬP',) to //*[@id="frmLogin"]/div[4]/button element.</msg>
<msg timestamp="20220427 19:42:59.213" level="INFO">Sending keys ĐĂNG NHẬP</msg>
<status status="PASS" starttime="20220427 19:42:46.653" endtime="20220427 19:42:59.319"/>
</kw>
<status status="PASS" starttime="20220427 19:42:46.651" endtime="20220427 19:42:59.319"/>
</kw>
<kw name="verify Error text" library="LoginPage">
<kw name="Wait Until Element Is Visible" library="SeleniumLibrary">
<arg>${errortext}</arg>
<doc>Waits until the element ``locator`` is visible.</doc>
<status status="PASS" starttime="20220427 19:42:59.322" endtime="20220427 19:42:59.495"/>
</kw>
<status status="PASS" starttime="20220427 19:42:59.320" endtime="20220427 19:42:59.496"/>
</kw>
<kw name="delayScreen" library="LoginPage">
<arg>3s</arg>
<kw name="Sleep" library="BuiltIn">
<arg>${second}</arg>
<doc>Pauses the test executed for the given time.</doc>
<msg timestamp="20220427 19:43:02.508" level="INFO">Slept 3 seconds</msg>
<status status="PASS" starttime="20220427 19:42:59.498" endtime="20220427 19:43:02.512"/>
</kw>
<status status="PASS" starttime="20220427 19:42:59.497" endtime="20220427 19:43:02.513"/>
</kw>
<kw name="Close Browser" library="SeleniumLibrary" type="TEARDOWN">
<doc>Closes the current browser.</doc>
<status status="PASS" starttime="20220427 19:43:02.519" endtime="20220427 19:43:07.712"/>
</kw>
<status status="PASS" starttime="20220427 19:42:19.241" endtime="20220427 19:43:07.713"/>
</test>
<test id="s1-t2" name="Logged in successfully" line="24">
<kw name="Get Data Test By Data Key" library="DataTest">
<var>${usernamewrong}</var>
<arg>usernamewrong</arg>
<msg timestamp="20220427 19:43:07.723" level="INFO">${usernamewrong} = truongnguyendep@gmail.com</msg>
<status status="PASS" starttime="20220427 19:43:07.721" endtime="20220427 19:43:07.723"/>
</kw>
<kw name="Get Data Test By Data Key" library="DataTest">
<var>${passwordwrong}</var>
<arg>passwordwrong</arg>
<msg timestamp="20220427 19:43:07.739" level="INFO">${passwordwrong} = Truong19062001</msg>
<status status="PASS" starttime="20220427 19:43:07.736" endtime="20220427 19:43:07.740"/>
</kw>
<kw name="open page" library="LoginPage">
<kw name="Open Browser" library="SeleniumLibrary">
<arg>${url}</arg>
<arg>Chrome</arg>
<doc>Opens a new browser instance to the optional ``url``.</doc>
<msg timestamp="20220427 19:43:07.758" level="INFO">Opening browser 'Chrome' to base url 'https://oldsailor.com.vn/nam.html?gclid=EAIaIQobChMIo93wt8Cd9wIV3plmAh38Egm7EAAYAiAAEgKGpvD_BwE'.</msg>
<status status="PASS" starttime="20220427 19:43:07.757" endtime="20220427 19:43:26.693"/>
</kw>
<kw name="Maximize Browser Window" library="SeleniumLibrary">
<doc>Maximizes current browser window.</doc>
<status status="PASS" starttime="20220427 19:43:26.693" endtime="20220427 19:43:27.251"/>
</kw>
<status status="PASS" starttime="20220427 19:43:07.756" endtime="20220427 19:43:27.253"/>
</kw>
<kw name="delayScreen" library="LoginPage">
<arg>3s</arg>
<kw name="Sleep" library="BuiltIn">
<arg>${second}</arg>
<doc>Pauses the test executed for the given time.</doc>
<msg timestamp="20220427 19:43:30.312" level="INFO">Slept 3 seconds</msg>
<status status="PASS" starttime="20220427 19:43:27.293" endtime="20220427 19:43:30.313"/>
</kw>
<status status="PASS" starttime="20220427 19:43:27.292" endtime="20220427 19:43:30.317"/>
</kw>
<kw name="open tab user" library="LoginPage">
<arg>user</arg>
<kw name="Press Keys" library="SeleniumLibrary">
<arg>${btnOpenTabUser}</arg>
<arg>${tabuser}</arg>
<doc>Simulates the user pressing key(s) to an element or on the active browser.</doc>
<msg timestamp="20220427 19:43:30.327" level="INFO">Sending key(s) ('user',) to css=span.icon1 element.</msg>
<msg timestamp="20220427 19:43:30.747" level="INFO">Sending keys user</msg>
<status status="PASS" starttime="20220427 19:43:30.324" endtime="20220427 19:43:30.912"/>
</kw>
<status status="PASS" starttime="20220427 19:43:30.321" endtime="20220427 19:43:30.913"/>
</kw>
<kw name="navigateLoginPage" library="LoginPage">
<arg>Đăng Nhập</arg>
<kw name="Press Keys" library="SeleniumLibrary">
<arg>${btnNavigate}</arg>
<arg>${navigatelogin}</arg>
<doc>Simulates the user pressing key(s) to an element or on the active browser.</doc>
<msg timestamp="20220427 19:43:30.917" level="INFO">Sending key(s) ('Đăng Nhập',) to //*[@id="vnt-header"]/div[1]/div[3]/div[2]/div[2]/div[1]/ul/li[1]/a element.</msg>
<msg timestamp="20220427 19:43:36.499" level="INFO">Sending keys Đăng Nhập</msg>
<status status="PASS" starttime="20220427 19:43:30.915" endtime="20220427 19:43:36.557"/>
</kw>
<status status="PASS" starttime="20220427 19:43:30.914" endtime="20220427 19:43:36.558"/>
</kw>
<kw name="enter username" library="LoginPage">
<arg>${usernamewrong}</arg>
<kw name="Input Text" library="SeleniumLibrary">
<arg>${txtUsername}</arg>
<arg>${username}</arg>
<doc>Types the given ``text`` into the text field identified by ``locator``.</doc>
<msg timestamp="20220427 19:43:36.561" level="INFO">Typing text 'truongnguyendep@gmail.com' into text field '//*[@id="login_user"]'.</msg>
<status status="PASS" starttime="20220427 19:43:36.560" endtime="20220427 19:43:37.283"/>
</kw>
<status status="PASS" starttime="20220427 19:43:36.559" endtime="20220427 19:43:37.284"/>
</kw>
<kw name="enter password" library="LoginPage">
<arg>${passwordwrong}</arg>
<kw name="Input Text" library="SeleniumLibrary">
<arg>${txtPassword}</arg>
<arg>${password}</arg>
<doc>Types the given ``text`` into the text field identified by ``locator``.</doc>
<msg timestamp="20220427 19:43:37.288" level="INFO">Typing text 'Truong19062001' into text field '//*[@id="password"]'.</msg>
<status status="PASS" starttime="20220427 19:43:37.286" endtime="20220427 19:43:37.942"/>
</kw>
<status status="PASS" starttime="20220427 19:43:37.285" endtime="20220427 19:43:37.942"/>
</kw>
<kw name="checkbox" library="LoginPage">
<kw name="Page Should Contain Checkbox" library="SeleniumLibrary">
<arg>${checkbox}</arg>
<doc>Verifies checkbox ``locator`` is found from the current page.</doc>
<msg timestamp="20220427 19:43:38.150" level="INFO">Current page contains checkbox '//*[@id="ch_remember"]'.</msg>
<status status="PASS" starttime="20220427 19:43:37.944" endtime="20220427 19:43:38.150"/>
</kw>
<kw name="Select Checkbox" library="SeleniumLibrary">
<arg>${checkbox}</arg>
<doc>Selects the checkbox identified by ``locator``.</doc>
<msg timestamp="20220427 19:43:38.152" level="INFO">Selecting checkbox '//*[@id="ch_remember"]'.</msg>
<status status="PASS" starttime="20220427 19:43:38.151" endtime="20220427 19:43:38.550"/>
</kw>
<kw name="Checkbox Should Be Selected" library="SeleniumLibrary">
<arg>${checkbox}</arg>
<doc>Verifies checkbox ``locator`` is selected/checked.</doc>
<msg timestamp="20220427 19:43:38.551" level="INFO">Verifying checkbox '//*[@id="ch_remember"]' is selected.</msg>
<status status="PASS" starttime="20220427 19:43:38.550" endtime="20220427 19:43:38.721"/>
</kw>
<status status="PASS" starttime="20220427 19:43:37.943" endtime="20220427 19:43:38.722"/>
</kw>
<kw name="delayScreen" library="LoginPage">
<arg>6s</arg>
<kw name="Sleep" library="BuiltIn">
<arg>${second}</arg>
<doc>Pauses the test executed for the given time.</doc>
<msg timestamp="20220427 19:43:44.749" level="INFO">Slept 6 seconds</msg>
<status status="PASS" starttime="20220427 19:43:38.725" endtime="20220427 19:43:44.750"/>
</kw>
<status status="PASS" starttime="20220427 19:43:38.725" endtime="20220427 19:43:44.752"/>
</kw>
<kw name="clickLoginButton" library="LoginPage">
<arg>ĐĂNG NHẬP</arg>
<kw name="Press Keys" library="SeleniumLibrary">
<arg>${btnLogin}</arg>
<arg>${logintext}</arg>
<doc>Simulates the user pressing key(s) to an element or on the active browser.</doc>
<msg timestamp="20220427 19:43:44.770" level="INFO">Sending key(s) ('ĐĂNG NHẬP',) to //*[@id="frmLogin"]/div[4]/button element.</msg>
<msg timestamp="20220427 19:44:11.283" level="WARN">Keyword 'Capture Page Screenshot' could not be run on failure: Message: chrome not reachable
  (Session info: chrome=100.0.4896.127)
Stacktrace:
Backtrace:
	Ordinal0 [0x00FC7413+2389011]
	Ordinal0 [0x00F59F61+1941345]
	Ordinal0 [0x00E4C520+836896]
	Ordinal0 [0x00E40682+788098]
	Ordinal0 [0x00E40EB8+790200]
	Ordinal0 [0x00E42752+796498]
	Ordinal0 [0x00E3C0D9+770265]
	Ordinal0 [0x00E4D9D0+842192]
	Ordinal0 [0x00EA3AE2+1194722]
	Ordinal0 [0x00E93F66+1130342]
	Ordinal0 [0x00E6E546+976198]
	Ordinal0 [0x00E6F456+980054]
	GetHandleVerifier [0x01179632+1727522]
	GetHandleVerifier [0x0122BA4D+2457661]
	GetHandleVerifier [0x0105EB81+569713]
	GetHandleVerifier [0x0105DD76+566118]
	Ordinal0 [0x00F60B2B+1968939]
	Ordinal0 [0x00F65988+1989000]
	Ordinal0 [0x00F65A75+1989237]
	Ordinal0 [0x00F6ECB1+2026673]
	BaseThreadInitThunk [0x75E4FA29+25]
	RtlGetAppContainerNamedObjectPath [0x77C87A7E+286]
	RtlGetAppContainerNamedObjectPath [0x77C87A4E+238]
</msg>
<msg timestamp="20220427 19:44:11.300" level="FAIL">WebDriverException: Message: chrome not reachable
  (Session info: chrome=100.0.4896.127)
Stacktrace:
Backtrace:
	Ordinal0 [0x00FC7413+2389011]
	Ordinal0 [0x00F59F61+1941345]
	Ordinal0 [0x00E4C520+836896]
	Ordinal0 [0x00E40682+788098]
	Ordinal0 [0x00E40EB8+790200]
	Ordinal0 [0x00E42752+796498]
	Ordinal0 [0x00E3C0D9+770265]
	Ordinal0 [0x00E4D9D0+842192]
	Ordinal0 [0x00EA3AE2+1194722]
	Ordinal0 [0x00E93F66+1130342]
	Ordinal0 [0x00E6E546+976198]
	Ordinal0 [0x00E6F456+980054]
	GetHandleVerifier [0x01179632+1727522]
	GetHandleVerifier [0x0122BA4D+2457661]
	GetHandleVerifier [0x0105EB81+569713]
	GetHandleVerifier [0x0105DD76+566118]
	Ordinal0 [0x00F60B2B+1968939]
	Ordinal0 [0x00F65988+1989000]
	Ordinal0 [0x00F65A75+1989237]
	Ordinal0 [0x00F6ECB1+2026673]
	BaseThreadInitThunk [0x75E4FA29+25]
	RtlGetAppContainerNamedObjectPath [0x77C87A7E+286]
	RtlGetAppContainerNamedObjectPath [0x77C87A4E+238]
</msg>
<status status="FAIL" starttime="20220427 19:43:44.768" endtime="20220427 19:44:11.311"/>
</kw>
<status status="FAIL" starttime="20220427 19:43:44.766" endtime="20220427 19:44:11.313"/>
</kw>
<kw name="Close Browser" library="SeleniumLibrary" type="TEARDOWN">
<doc>Closes the current browser.</doc>
<status status="PASS" starttime="20220427 19:44:11.315" endtime="20220427 19:44:13.777"/>
</kw>
<status status="FAIL" starttime="20220427 19:43:07.719" endtime="20220427 19:44:13.786">WebDriverException: Message: chrome not reachable
  (Session info: chrome=100.0.4896.127)
Stacktrace:
Backtrace:
	Ordinal0 [0x00FC7413+2389011]
	Ordinal0 [0x00F59F61+1941345]
	Ordinal0 [0x00E4C520+836896]
	Ordinal0 [0x00E40682+788098]
	Ordinal0 [0x00E40EB8+790200]
	Ordinal0 [0x00E42752+796498]
	Ordinal0 [0x00E3C0D9+770265]
	Ordinal0 [0x00E4D9D0+842192]
	Ordinal0 [0x00EA3AE2+1194722]
	Ordinal0 [0x00E93F66+1130342]
	Ordinal0 [0x00E6E546+976198]
	Ordinal0 [0x00E6F456+980054]
	GetHandleVerifier [0x01179632+1727522]
	GetHandleVerifier [0x0122BA4D+2457661]
	GetHandleVerifier [0x0105EB81+569713]
	GetHandleVerifier [0x0105DD76+566118]
	Ordinal0 [0x00F60B2B+1968939]
	Ordinal0 [0x00F65988+1989000]
	Ordinal0 [0x00F65A75+1989237]
	Ordinal0 [0x00F6ECB1+2026673]
	BaseThreadInitThunk [0x75E4FA29+25]
	RtlGetAppContainerNamedObjectPath [0x77C87A7E+286]
	RtlGetAppContainerNamedObjectPath [0x77C87A4E+238]
</status>
</test>
<status status="FAIL" starttime="20220427 19:42:16.352" endtime="20220427 19:44:13.813"/>
</suite>
<statistics>
<total>
<stat pass="1" fail="1" skip="0">All Tests</stat>
</total>
<tag>
</tag>
<suite>
<stat pass="1" fail="1" skip="0" id="s1" name="POM">POM</stat>
</suite>
</statistics>
<errors>
<msg timestamp="20220427 19:44:11.283" level="WARN">Keyword 'Capture Page Screenshot' could not be run on failure: Message: chrome not reachable
  (Session info: chrome=100.0.4896.127)
Stacktrace:
Backtrace:
	Ordinal0 [0x00FC7413+2389011]
	Ordinal0 [0x00F59F61+1941345]
	Ordinal0 [0x00E4C520+836896]
	Ordinal0 [0x00E40682+788098]
	Ordinal0 [0x00E40EB8+790200]
	Ordinal0 [0x00E42752+796498]
	Ordinal0 [0x00E3C0D9+770265]
	Ordinal0 [0x00E4D9D0+842192]
	Ordinal0 [0x00EA3AE2+1194722]
	Ordinal0 [0x00E93F66+1130342]
	Ordinal0 [0x00E6E546+976198]
	Ordinal0 [0x00E6F456+980054]
	GetHandleVerifier [0x01179632+1727522]
	GetHandleVerifier [0x0122BA4D+2457661]
	GetHandleVerifier [0x0105EB81+569713]
	GetHandleVerifier [0x0105DD76+566118]
	Ordinal0 [0x00F60B2B+1968939]
	Ordinal0 [0x00F65988+1989000]
	Ordinal0 [0x00F65A75+1989237]
	Ordinal0 [0x00F6ECB1+2026673]
	BaseThreadInitThunk [0x75E4FA29+25]
	RtlGetAppContainerNamedObjectPath [0x77C87A7E+286]
	RtlGetAppContainerNamedObjectPath [0x77C87A4E+238]
</msg>
</errors>
</robot>
