<?xml version="1.0" encoding="UTF-8"?>
<robot generator="Robot 5.0 (Python 3.9.6 on win32)" generated="20220427 08:22:42.285" rpa="false" schemaversion="3">
<suite id="s1" name="POM" source="C:\Users\TechCare\PycharmProjects\testing\TestCases\OrderPageTest__POM.robot">
<test id="s1-t1" name="Order Product" line="7">
<kw name="open page" library="OrderPage">
<kw name="Open Browser" library="SeleniumLibrary">
<arg>${url}</arg>
<arg>Chrome</arg>
<doc>Opens a new browser instance to the optional ``url``.</doc>
<msg timestamp="20220427 08:22:42.756" level="INFO">Opening browser 'Chrome' to base url 'https://oldsailor.com.vn/nam.html?gclid=EAIaIQobChMIo93wt8Cd9wIV3plmAh38Egm7EAAYAiAAEgKGpvD_BwE'.</msg>
<status status="PASS" starttime="20220427 08:22:42.755" endtime="20220427 08:22:48.040"/>
</kw>
<kw name="Maximize Browser Window" library="SeleniumLibrary">
<doc>Maximizes current browser window.</doc>
<status status="PASS" starttime="20220427 08:22:48.041" endtime="20220427 08:22:48.179"/>
</kw>
<status status="PASS" starttime="20220427 08:22:42.755" endtime="20220427 08:22:48.180"/>
</kw>
<kw name="delayScreen" library="OrderPage">
<arg>2s</arg>
<kw name="Sleep" library="BuiltIn">
<arg>${second}</arg>
<doc>Pauses the test executed for the given time.</doc>
<msg timestamp="20220427 08:22:50.199" level="INFO">Slept 2 seconds</msg>
<status status="PASS" starttime="20220427 08:22:48.184" endtime="20220427 08:22:50.200"/>
</kw>
<status status="PASS" starttime="20220427 08:22:48.183" endtime="20220427 08:22:50.200"/>
</kw>
<kw name="scrollScreen" library="OrderPage">
<arg>//*[@id="vnt-content"]/div[2]/div/div[4]/div</arg>
<kw name="Scroll Element Into View" library="SeleniumLibrary">
<arg>${standingplace}</arg>
<doc>Scrolls the element identified by ``locator`` into view.</doc>
<status status="PASS" starttime="20220427 08:22:50.203" endtime="20220427 08:22:50.532"/>
</kw>
<status status="PASS" starttime="20220427 08:22:50.201" endtime="20220427 08:22:50.532"/>
</kw>
<kw name="delayScreen" library="OrderPage">
<arg>2s</arg>
<kw name="Sleep" library="BuiltIn">
<arg>${second}</arg>
<doc>Pauses the test executed for the given time.</doc>
<msg timestamp="20220427 08:22:52.539" level="INFO">Slept 2 seconds</msg>
<status status="PASS" starttime="20220427 08:22:50.534" endtime="20220427 08:22:52.539"/>
</kw>
<status status="PASS" starttime="20220427 08:22:50.533" endtime="20220427 08:22:52.539"/>
</kw>
<kw name="scrollScreen" library="OrderPage">
<arg>//*[@id="vnt-content"]/div[3]/div</arg>
<kw name="Scroll Element Into View" library="SeleniumLibrary">
<arg>${standingplace}</arg>
<doc>Scrolls the element identified by ``locator`` into view.</doc>
<status status="PASS" starttime="20220427 08:22:52.541" endtime="20220427 08:22:52.855"/>
</kw>
<status status="PASS" starttime="20220427 08:22:52.540" endtime="20220427 08:22:52.856"/>
</kw>
<kw name="delayScreen" library="OrderPage">
<arg>2s</arg>
<kw name="Sleep" library="BuiltIn">
<arg>${second}</arg>
<doc>Pauses the test executed for the given time.</doc>
<msg timestamp="20220427 08:22:54.870" level="INFO">Slept 2 seconds</msg>
<status status="PASS" starttime="20220427 08:22:52.857" endtime="20220427 08:22:54.870"/>
</kw>
<status status="PASS" starttime="20220427 08:22:52.856" endtime="20220427 08:22:54.870"/>
</kw>
<kw name="scrollScreen" library="OrderPage">
<arg>//*[@id="vnt-content"]/div[2]/div/div[2]/div/div</arg>
<kw name="Scroll Element Into View" library="SeleniumLibrary">
<arg>${standingplace}</arg>
<doc>Scrolls the element identified by ``locator`` into view.</doc>
<status status="PASS" starttime="20220427 08:22:54.872" endtime="20220427 08:22:55.171"/>
</kw>
<status status="PASS" starttime="20220427 08:22:54.871" endtime="20220427 08:22:55.171"/>
</kw>
<kw name="delayScreen" library="OrderPage">
<arg>2s</arg>
<kw name="Sleep" library="BuiltIn">
<arg>${second}</arg>
<doc>Pauses the test executed for the given time.</doc>
<msg timestamp="20220427 08:22:57.178" level="INFO">Slept 2 seconds</msg>
<status status="PASS" starttime="20220427 08:22:55.173" endtime="20220427 08:22:57.178"/>
</kw>
<status status="PASS" starttime="20220427 08:22:55.172" endtime="20220427 08:22:57.178"/>
</kw>
<kw name="clickDetailProduct" library="OrderPage">
<arg>//*[@id="vnt-content"]/div[2]/div/div[2]/div/div/div/div[2]/div/div[1]/a</arg>
<kw name="Click Element" library="SeleniumLibrary">
<arg>${detailproduct}</arg>
<doc>Click the element identified by ``locator``.</doc>
<msg timestamp="20220427 08:22:57.181" level="INFO">Clicking element '//*[@id="vnt-content"]/div[2]/div/div[2]/div/div/div/div[2]/div/div[1]/a'.</msg>
<status status="PASS" starttime="20220427 08:22:57.181" endtime="20220427 08:22:59.332"/>
</kw>
<status status="PASS" starttime="20220427 08:22:57.180" endtime="20220427 08:22:59.333"/>
</kw>
<kw name="delayScreen" library="OrderPage">
<arg>2s</arg>
<kw name="Sleep" library="BuiltIn">
<arg>${second}</arg>
<doc>Pauses the test executed for the given time.</doc>
<msg timestamp="20220427 08:23:01.350" level="INFO">Slept 2 seconds</msg>
<status status="PASS" starttime="20220427 08:22:59.335" endtime="20220427 08:23:01.350"/>
</kw>
<status status="PASS" starttime="20220427 08:22:59.334" endtime="20220427 08:23:01.350"/>
</kw>
<kw name="clickCarosel" library="OrderPage">
<arg>//*[@id="vnt-content"]/div[2]/div/div[1]/div/div[2]/div/button[2]</arg>
<kw name="Click Element" library="SeleniumLibrary">
<arg>${btn-next-prev}</arg>
<doc>Click the element identified by ``locator``.</doc>
<msg timestamp="20220427 08:23:01.352" level="INFO">Clicking element '//*[@id="vnt-content"]/div[2]/div/div[1]/div/div[2]/div/button[2]'.</msg>
<msg timestamp="20220427 08:23:01.678" level="INFO" html="true">&lt;/td&gt;&lt;/tr&gt;&lt;tr&gt;&lt;td colspan="3"&gt;&lt;a href="selenium-screenshot-2.png"&gt;&lt;img src="selenium-screenshot-2.png" width="800px"&gt;&lt;/a&gt;</msg>
<msg timestamp="20220427 08:23:01.681" level="FAIL">Element with locator '//*[@id="vnt-content"]/div[2]/div/div[1]/div/div[2]/div/button[2]' not found.</msg>
<status status="FAIL" starttime="20220427 08:23:01.351" endtime="20220427 08:23:01.757"/>
</kw>
<status status="FAIL" starttime="20220427 08:23:01.351" endtime="20220427 08:23:01.758"/>
</kw>
<kw name="clickCarosel" library="OrderPage">
<arg>//*[@id="vnt-content"]/div[2]/div/div[1]/div/div[2]/div/button[2]</arg>
<status status="NOT RUN" starttime="20220427 08:23:01.759" endtime="20220427 08:23:01.759"/>
</kw>
<status status="FAIL" starttime="20220427 08:22:42.753" endtime="20220427 08:23:01.761">Element with locator '//*[@id="vnt-content"]/div[2]/div/div[1]/div/div[2]/div/button[2]' not found.</status>
</test>
<status status="FAIL" starttime="20220427 08:22:42.288" endtime="20220427 08:23:01.765"/>
</suite>
<statistics>
<total>
<stat pass="0" fail="1" skip="0">All Tests</stat>
</total>
<tag>
</tag>
<suite>
<stat pass="0" fail="1" skip="0" id="s1" name="POM">POM</stat>
</suite>
</statistics>
<errors>
</errors>
</robot>
